<?xml version="1.0" encoding="UTF-8"?>
<!-- Generated by org.testng.reporters.JUnitXMLReporter -->
<testsuite ignored="1" hostname="CPU-0058" failures="1" tests="2" name="Default test(failed)" time="0.099" errors="0" timestamp="2022-05-11T23:51:00 GMT-08:00">
  <testcase classname="com.test.TestNgFeatures" name="loginTest" time="0.014">
    <failure type="java.lang.ArithmeticException" message="/ by zero">
      <![CDATA[java.lang.ArithmeticException: / by zero
at com.test.TestNgFeatures.loginTest(TestNgFeatures.java:10)
at java.base/java.util.ArrayList.forEach(ArrayList.java:1511)
... Removed 27 stack frames]]>
    </failure>
  </testcase> <!-- loginTest -->
  <testcase classname="com.test.TestNgFeatures" name="HomePageTest" time="0.0">
    <skipped/>
  </testcase> <!-- HomePageTest -->
  <testcase classname="com.test.TestNgFeatures" name="SearchPageTest" time="0.0">
    <ignored/>
  </testcase> <!-- SearchPageTest -->
</testsuite> <!-- Default test(failed) -->
